0 0.389259 0.610741 
16 0.388545 0.611455 
32 0.387895 0.612105 
48 0.386658 0.613342 
64 0.384314 0.615686 
80 0.379909 0.620091 
96 0.37176 0.62824 
112 0.359096 0.640904 
128 0.338723 0.661277 
144 0.314005 0.685995 
160 0.300242 0.699758 
176 0.328399 0.671601 
192 0.421748 0.578252 
208 0.562065 0.437935 
224 0.703706 0.296294 
240 0.815242 0.184758 
256 0.890701 0.109299 
272 0.93737 0.0626303 
288 0.964774 0.0352263 
304 0.980397 0.0196032 
320 0.989156 0.0108437 
336 0.994022 0.00597813 
