0 0.359167 0.640833 
16 0.359167 0.640833 
32 0.359167 0.640833 
48 0.359167 0.640833 
64 0.359167 0.640833 
80 0.359167 0.640833 
96 0.360165 0.639835 
112 0.361358 0.638642 
128 0.363967 0.636033 
144 0.369631 0.630369 
160 0.381743 0.618257 
176 0.406813 0.593187 
192 0.455392 0.544608 
208 0.538523 0.461477 
224 0.654524 0.345476 
240 0.777534 0.222466 
256 0.875245 0.124755 
272 0.936549 0.0634511 
288 0.969508 0.0304919 
304 0.985769 0.0142311 
320 0.993451 0.00654887 
336 0.997006 0.00299384 
