0 0.501946 0.498054 
16 0.40991 0.59009 
32 0.356688 0.643312 
48 0.340426 0.659574 
64 0.36036 0.63964 
80 0.348624 0.651376 
96 0.388889 0.611111 
112 0.352697 0.647303 
128 0.303867 0.696133 
144 0.313253 0.686747 
160 0.331395 0.668605 
176 0.32906 0.67094 
192 0.409574 0.590426 
208 0.578231 0.421769 
224 0.772487 0.227513 
240 0.634921 0.365079 
256 0.907104 0.0928962 
272 0.955882 0.0441176 
288 0.957071 0.0429293 
304 0.981763 0.0182371 
320 0.991501 0.00849858 
336 0.995575 0.00442478 
