1
0.049169 86.6231 0
2
0.359094
0.640906
-92.5714
1
0.049169 86.6232 0
2
0.359094
0.640906
-92.5714
1
0.049169 86.6231 0
2
0.359094
0.640906
-92.5714
1
0.0491689 86.6229 0
2
0.359094
0.640906
-92.5714
1
0.049169 86.6234 0
2
0.359094
0.640906
-92.5714
1
0.0491689 86.6229 0
2
0.359094
0.640906
-92.5714
1
0.0491689 86.6229 0
2
0.359094
0.640906
-92.5714
1
0.0491689 86.6228 0
2
0.359094
0.640906
-92.5714
1
0.0491689 86.6227 0
2
0.359094
0.640906
-92.5714
1
0.049169 86.623 0
2
0.359094
0.640906
-92.5714
